{
  "stats": {
    "suites": 5,
    "tests": 11,
    "passes": 9,
    "pending": 0,
    "failures": 2,
    "start": "2025-07-01T06:13:18.563Z",
    "end": "2025-07-01T06:13:36.222Z",
    "duration": 17659,
    "testsRegistered": 11,
    "passPercent": 81.81818181818183,
    "pendingPercent": 0,
    "other": 0,
    "hasOther": false,
    "skipped": 0,
    "hasSkipped": false
  },
  "results": [
    {
      "uuid": "5348f4be-cdcc-4472-9538-7b8700edcdd2",
      "title": "",
      "fullFile": "cypress\\e2e\\apiTest.cy.js",
      "file": "cypress\\e2e\\apiTest.cy.js",
      "beforeHooks": [],
      "afterHooks": [],
      "tests": [],
      "suites": [
        {
          "uuid": "3cd665b7-b3a4-4218-bed4-03dba083b395",
          "title": "Login to API to get valid access_token",
          "fullFile": "",
          "file": "",
          "beforeHooks": [],
          "afterHooks": [],
          "tests": [
            {
              "title": "login with correct email & password",
              "fullTitle": "Login to API to get valid access_token login with correct email & password",
              "timedOut": null,
              "duration": 1192,
              "state": "passed",
              "speed": "fast",
              "pass": true,
              "fail": false,
              "pending": false,
              "context": null,
              "code": "login(`${loginuser.email}`, `${loginuser.password}`).then(result => {\n  // Receive the object containing response and access_token\n  const response = result.response; // Access the entire response object\n  // Assert that the response status code is 200\n  expect(response.status).to.eq(200);\n  // Assert that the response body contains the 'access_token' property\n  expect(response.body).to.have.property('access_token').that.is.not.empty;\n  const responseBodyString = JSON.stringify(response.body, null, 2);\n  cy.logger('apitest', 'Validated login with correct email & password');\n  cy.logger('apitest', response.body.access_token);\n});",
              "err": {},
              "uuid": "aa9e9d02-0a33-411f-891a-5388d1d67a36",
              "parentUUID": "3cd665b7-b3a4-4218-bed4-03dba083b395",
              "isHook": false,
              "skipped": false
            },
            {
              "title": "login with incorrect email & password",
              "fullTitle": "Login to API to get valid access_token login with incorrect email & password",
              "timedOut": null,
              "duration": 147,
              "state": "passed",
              "speed": "fast",
              "pass": true,
              "fail": false,
              "pending": false,
              "context": null,
              "code": "login(`${loginuser.incorrectemail}`, `${loginuser.password}`).then(result => {\n  // Receive the object containing response and access_token\n  const response = result.response; // Access the entire response object\n  // Assert that the response status code is 200\n  expect(response.status).to.eq(401);\n  // Assert that the response body contains the 'access_token' property\n  expect(response.body.message).to.eq('Incorrect email or password');\n});",
              "err": {},
              "uuid": "876c8a58-7ceb-4c58-a7b3-62c3933a7c8e",
              "parentUUID": "3cd665b7-b3a4-4218-bed4-03dba083b395",
              "isHook": false,
              "skipped": false
            }
          ],
          "suites": [],
          "passes": [
            "aa9e9d02-0a33-411f-891a-5388d1d67a36",
            "876c8a58-7ceb-4c58-a7b3-62c3933a7c8e"
          ],
          "failures": [],
          "pending": [],
          "skipped": [],
          "duration": 1339,
          "root": false,
          "rootEmpty": false,
          "_timeout": 2000
        },
        {
          "uuid": "baa66540-3260-48a6-9b51-e657b7ee56f6",
          "title": "Get all products",
          "fullFile": "",
          "file": "",
          "beforeHooks": [],
          "afterHooks": [],
          "tests": [
            {
              "title": "GET Request with Bearer Token",
              "fullTitle": "Get all products GET Request with Bearer Token",
              "timedOut": null,
              "duration": 971,
              "state": "passed",
              "speed": "fast",
              "pass": true,
              "fail": false,
              "pending": false,
              "context": null,
              "code": "// Call the login function to log in and get the access token\nlogin(`${loginuser.email}`, `${loginuser.password}`).then(result => {\n  const accessToken = result.access_token;\n  getproducts(accessToken).then(response => {\n    expect(response.status).to.eq(200); // validate status code as 200 OK\n    const productNames = JSONPath({\n      path: '$..name',\n      json: response.body\n    });\n    // Assertion for products\n    expect(productNames).to.include('Samsung Galaxy A23 Blue', 'Redmi 11 Prime 5G', 'Samsung Galaxy Flip 5G');\n    //logging the reponse in log file;\n    const responseBodyString = JSON.stringify(response.body, null, 2);\n    cy.logger('apitest', \"\\n\" + 'Validated products for getproduct call' + \"\\n\");\n    cy.logger('apitest', 'Response Body:\\n' + responseBodyString);\n  });\n});",
              "err": {},
              "uuid": "798c063c-aa7e-4716-b63c-8cdabe801a08",
              "parentUUID": "baa66540-3260-48a6-9b51-e657b7ee56f6",
              "isHook": false,
              "skipped": false
            },
            {
              "title": "Validation on the request body",
              "fullTitle": "Get all products Validation on the request body",
              "timedOut": null,
              "duration": 4567,
              "state": "failed",
              "speed": null,
              "pass": false,
              "fail": true,
              "pending": false,
              "context": "{\n  \"title\": \"cypress-mochawesome-reporter-screenshots\",\n  \"value\": [\n    [\n      \"\\\\apiTest.cy.js\\\\Get all products -- Validation on the request body (failed).png\"\n    ]\n  ]\n}",
              "code": "login(`${loginuser.email}`, `${loginuser.password}`).then(result => {\n  const accessToken = result.access_token;\n  getproducts(accessToken).then(response => {\n    expect(response.status).to.eq(200); // validate status code as 200 OK\n    const A23Price = JSONPath({\n      path: '$.[0].cost',\n      json: response.body\n    });\n    const M33Name = JSONPath({\n      path: '$.[2].name',\n      json: response.body\n    });\n    // Assertion for products\n    expect(M33Name[0]).to.equal('Samsung Galaxy M33 5G ');\n    expect(A23Price).to.deep.eq([18999]);\n    cy.log(JSON.stringify(response.body, null, 2));\n  });\n});",
              "err": {
                "message": "AssertionError: expected 'OnePlus Nord CE 3 Lite 5G' to equal 'Samsung Galaxy M33 5G '",
                "estack": "AssertionError: expected 'OnePlus Nord CE 3 Lite 5G' to equal 'Samsung Galaxy M33 5G '\n    at Context.eval (webpack://cypressframework/./cypress/e2e/apiTest/getProducts.cy.js:42:32)",
                "diff": "- 'OnePlus Nord CE 3 Lite 5G'\n+ 'Samsung Galaxy M33 5G '\n"
              },
              "uuid": "1e8d78ef-8acc-438d-9edf-9dc139c9b885",
              "parentUUID": "baa66540-3260-48a6-9b51-e657b7ee56f6",
              "isHook": false,
              "skipped": false
            },
            {
              "title": "Validation for revoked access token",
              "fullTitle": "Get all products Validation for revoked access token",
              "timedOut": null,
              "duration": 335,
              "state": "passed",
              "speed": "fast",
              "pass": true,
              "fail": false,
              "pending": false,
              "context": null,
              "code": "const accessToken = `${loginuser.revokedtoken}`;\ngetproducts(accessToken).then(response => {\n  // Assertion for the status code\n  expect(response.status).to.eq(401); // validate status code as 401\n  // Assertion for the error message\n  expect(response.body.message).to.eq('Error access_token is revoked');\n});",
              "err": {},
              "uuid": "39b1b1a5-03c5-4de4-919a-dcfdd307f478",
              "parentUUID": "baa66540-3260-48a6-9b51-e657b7ee56f6",
              "isHook": false,
              "skipped": false
            },
            {
              "title": "Validation for no Auth Token Send",
              "fullTitle": "Get all products Validation for no Auth Token Send",
              "timedOut": null,
              "duration": 226,
              "state": "passed",
              "speed": "fast",
              "pass": true,
              "fail": false,
              "pending": false,
              "context": null,
              "code": "getproductswithouttoken().then(response => {\n  // Assertion for the status code\n  expect(response.status).to.eq(401); // validate status code as 401\n  // Assertion for the error message\n  expect(response.body.message).to.eq('Error in authorization format');\n});",
              "err": {},
              "uuid": "69cda557-bcb0-4733-beff-9dc1ccde5634",
              "parentUUID": "baa66540-3260-48a6-9b51-e657b7ee56f6",
              "isHook": false,
              "skipped": false
            }
          ],
          "suites": [],
          "passes": [
            "798c063c-aa7e-4716-b63c-8cdabe801a08",
            "39b1b1a5-03c5-4de4-919a-dcfdd307f478",
            "69cda557-bcb0-4733-beff-9dc1ccde5634"
          ],
          "failures": [
            "1e8d78ef-8acc-438d-9edf-9dc139c9b885"
          ],
          "pending": [],
          "skipped": [],
          "duration": 6099,
          "root": false,
          "rootEmpty": false,
          "_timeout": 2000
        },
        {
          "uuid": "469fa9b0-4d80-44ac-b664-9b3323f99fe7",
          "title": "Create new products",
          "fullFile": "",
          "file": "",
          "beforeHooks": [],
          "afterHooks": [],
          "tests": [
            {
              "title": "Validate user is able to create new products",
              "fullTitle": "Create new products Validate user is able to create new products",
              "timedOut": null,
              "duration": 693,
              "state": "passed",
              "speed": "fast",
              "pass": true,
              "fail": false,
              "pending": false,
              "context": null,
              "code": "login(`${loginuser.email}`, `${loginuser.password}`).then(result => {\n  const accessToken = result.access_token; // Access the access_token\n  createProduct(payload, accessToken).then(response => {\n    expect(response.status).to.eq(201);\n    expect(response.body.name).to.eq(payload.name);\n    cy.logger('apitest', 'Validate user is able to create new products -- Test Passed');\n    cy.logger('apitest', JSON.stringify(response.body, null, 2));\n  });\n});",
              "err": {},
              "uuid": "55927a98-ea97-44e6-8857-8ad6f5910664",
              "parentUUID": "469fa9b0-4d80-44ac-b664-9b3323f99fe7",
              "isHook": false,
              "skipped": false
            }
          ],
          "suites": [],
          "passes": [
            "55927a98-ea97-44e6-8857-8ad6f5910664"
          ],
          "failures": [],
          "pending": [],
          "skipped": [],
          "duration": 693,
          "root": false,
          "rootEmpty": false,
          "_timeout": 2000
        },
        {
          "uuid": "f5a4324c-9eba-4d4d-8dcf-beb37c6a7995",
          "title": "Update Products",
          "fullFile": "",
          "file": "",
          "beforeHooks": [],
          "afterHooks": [],
          "tests": [
            {
              "title": "Validate user is able to update existing products",
              "fullTitle": "Update Products Validate user is able to update existing products",
              "timedOut": null,
              "duration": 2074,
              "state": "failed",
              "speed": null,
              "pass": false,
              "fail": true,
              "pending": false,
              "context": "{\n  \"title\": \"cypress-mochawesome-reporter-screenshots\",\n  \"value\": [\n    [\n      \"\\\\apiTest.cy.js\\\\Update Products -- Validate user is able to update existing products (failed).png\"\n    ]\n  ]\n}",
              "code": "login(`${loginuser.email}`, `${loginuser.password}`).then(result => {\n  const accessToken = result.access_token; // Access the access_token\n  updateProduct(payload, accessToken, productId).then(response => {\n    expect(response.status).to.eq(200);\n    expect(response.body.quantity).to.eq(payload.quantity);\n    cy.logger('apitest', 'Validate user is able to update existing products -- Test Passed');\n    cy.logger('apitest', JSON.stringify(response.body, null, 2));\n  });\n});",
              "err": {
                "message": "TypeError: Cannot read properties of undefined (reading 'access_token')",
                "estack": "TypeError: Cannot read properties of undefined (reading 'access_token')\n    at Context.eval (webpack://cypressframework/./cypress/support/apiUtils.js:16:40)",
                "diff": null
              },
              "uuid": "213c2b06-bc0e-4040-b32d-c3671d5d8dcb",
              "parentUUID": "f5a4324c-9eba-4d4d-8dcf-beb37c6a7995",
              "isHook": false,
              "skipped": false
            },
            {
              "title": "Validate if no auth token send",
              "fullTitle": "Update Products Validate if no auth token send",
              "timedOut": null,
              "duration": 2845,
              "state": "passed",
              "speed": "fast",
              "pass": true,
              "fail": false,
              "pending": false,
              "context": null,
              "code": "cy.wait(2500);\nupdateProductwithoutToken(payload, productId).then(response => {\n  // Assertion for the status code\n  expect(response.status).to.eq(401); // validate status code as 401\n  // Assertion for the error message\n  expect(response.body.message).to.eq('Error in authorization format');\n});",
              "err": {},
              "uuid": "3cf38f12-3ffe-4e85-a00d-79c92381e713",
              "parentUUID": "f5a4324c-9eba-4d4d-8dcf-beb37c6a7995",
              "isHook": false,
              "skipped": false
            },
            {
              "title": "Validate if Token is revoked",
              "fullTitle": "Update Products Validate if Token is revoked",
              "timedOut": null,
              "duration": 2694,
              "state": "passed",
              "speed": "fast",
              "pass": true,
              "fail": false,
              "pending": false,
              "context": null,
              "code": "cy.wait(2500);\nconst accessToken = `${loginuser.revokedtoken}`;\nupdateProduct(payload, accessToken, productId).then(response => {\n  // Assertion for the status code\n  expect(response.status).to.eq(401); // validate status code as 401\n  // Assertion for the error message\n  expect(response.body.message).to.eq('Error access_token is revoked');\n});",
              "err": {},
              "uuid": "004cc751-e100-487e-ac36-e5687de592eb",
              "parentUUID": "f5a4324c-9eba-4d4d-8dcf-beb37c6a7995",
              "isHook": false,
              "skipped": false
            }
          ],
          "suites": [],
          "passes": [
            "3cf38f12-3ffe-4e85-a00d-79c92381e713",
            "004cc751-e100-487e-ac36-e5687de592eb"
          ],
          "failures": [
            "213c2b06-bc0e-4040-b32d-c3671d5d8dcb"
          ],
          "pending": [],
          "skipped": [],
          "duration": 7613,
          "root": false,
          "rootEmpty": false,
          "_timeout": 2000
        },
        {
          "uuid": "091eb741-180b-4de9-9621-edff5c1e96fb",
          "title": "Delete Product",
          "fullFile": "",
          "file": "",
          "beforeHooks": [],
          "afterHooks": [],
          "tests": [
            {
              "title": "Validate user is able to delete existing products",
              "fullTitle": "Delete Product Validate user is able to delete existing products",
              "timedOut": null,
              "duration": 693,
              "state": "passed",
              "speed": "fast",
              "pass": true,
              "fail": false,
              "pending": false,
              "context": null,
              "code": "login(`${loginuser.email}`, `${loginuser.password}`).then(result => {\n  const accessToken = result.access_token; // Access the access_token\n  deleteProduct(accessToken, productId).then(response => {\n    expect(response.status).to.eq(200);\n    cy.logger('apitest', 'Validate user is able to delete products -- Test Passed');\n    cy.logger('apitest', JSON.stringify(response.body, null, 2));\n  });\n});",
              "err": {},
              "uuid": "bb96fb87-e8db-4fc3-9a52-56d0b0f5e2df",
              "parentUUID": "091eb741-180b-4de9-9621-edff5c1e96fb",
              "isHook": false,
              "skipped": false
            }
          ],
          "suites": [],
          "passes": [
            "bb96fb87-e8db-4fc3-9a52-56d0b0f5e2df"
          ],
          "failures": [],
          "pending": [],
          "skipped": [],
          "duration": 693,
          "root": false,
          "rootEmpty": false,
          "_timeout": 2000
        }
      ],
      "passes": [],
      "failures": [],
      "pending": [],
      "skipped": [],
      "duration": 0,
      "root": true,
      "rootEmpty": true,
      "_timeout": 2000
    }
  ],
  "meta": {
    "mocha": {
      "version": "7.0.1"
    },
    "mochawesome": {
      "options": {
        "quiet": false,
        "reportFilename": "mochawesome",
        "saveHtml": true,
        "saveJson": true,
        "consoleReporter": "spec",
        "useInlineDiffs": false,
        "code": true
      },
      "version": "7.1.3"
    },
    "marge": {
      "options": {
        "reportDir": "cypress/reports/APIReport",
        "overwrite": false
      },
      "version": "6.2.0"
    }
  }
}