{
  "stats": {
    "suites": 4,
    "tests": 6,
    "passes": 6,
    "pending": 0,
    "failures": 0,
    "start": "2025-07-01T04:35:08.187Z",
    "end": "2025-07-01T04:36:07.594Z",
    "duration": 59407,
    "testsRegistered": 6,
    "passPercent": 100,
    "pendingPercent": 0,
    "other": 0,
    "hasOther": false,
    "skipped": 0,
    "hasSkipped": false
  },
  "results": [
    {
      "uuid": "000ca921-fe13-4cdc-856a-a6eae7426f74",
      "title": "",
      "fullFile": "cypress\\e2e\\uiTest.cy.js",
      "file": "cypress\\e2e\\uiTest.cy.js",
      "beforeHooks": [],
      "afterHooks": [],
      "tests": [],
      "suites": [
        {
          "uuid": "a5a6f693-0615-4955-b86e-93cee0335fb9",
          "title": "Validate User is Register",
          "fullFile": "",
          "file": "",
          "beforeHooks": [],
          "afterHooks": [],
          "tests": [
            {
              "title": "Verify User is able to login",
              "fullTitle": "Validate User is Register Verify User is able to login",
              "timedOut": null,
              "duration": 8452,
              "state": "passed",
              "speed": "medium",
              "pass": true,
              "fail": false,
              "pending": false,
              "context": null,
              "code": "cy.fixture('Testdata').then(registerUserdata => {\n  const loginobj = new _Login.default();\n  loginobj.clickLogin();\n  loginobj.setUserName(registerUserdata.UserName);\n  loginobj.setPassword(registerUserdata.UserPassword);\n  cy.logger('application', \"Entered User Details-->Login Test\");\n  loginobj.clickLoginbtn();\n  loginobj.verifyLoginSuccessMsg(registerUserdata.loginmsg);\n  cy.logger('application', \"Validated success Login Msg-->Login Test\");\n  const loadTime = Date.now() - startTime;\n  cy.logger('performance', `TotalTime taken to LoginUser: ${loadTime}ms`);\n});",
              "err": {},
              "uuid": "3dc37ad5-27c2-472c-912a-d6d65beeee66",
              "parentUUID": "a5a6f693-0615-4955-b86e-93cee0335fb9",
              "isHook": false,
              "skipped": false
            }
          ],
          "suites": [],
          "passes": [
            "3dc37ad5-27c2-472c-912a-d6d65beeee66"
          ],
          "failures": [],
          "pending": [],
          "skipped": [],
          "duration": 8452,
          "root": false,
          "rootEmpty": false,
          "_timeout": 2000
        },
        {
          "uuid": "31adeb05-bef3-42cb-90b8-95ea662a6b26",
          "title": "Validate User is Register",
          "fullFile": "",
          "file": "",
          "beforeHooks": [],
          "afterHooks": [],
          "tests": [
            {
              "title": "Verify User is able to signup",
              "fullTitle": "Validate User is Register Verify User is able to signup",
              "timedOut": null,
              "duration": 1890,
              "state": "passed",
              "speed": "fast",
              "pass": true,
              "fail": false,
              "pending": false,
              "context": null,
              "code": "cy.fixture('Testdata').then(registerUserdata => {\n  const SignUpobj = new _SignUp.default();\n  SignUpobj.clickSignUp();\n  SignUpobj.setUserName(registerUserdata.UserName + Math.floor(Math.random() * 101));\n  SignUpobj.setPassword(registerUserdata.UserPassword);\n  cy.logger('application', 'Entered User details-->SignUp Test');\n  SignUpobj.clickSubmit();\n  SignUpobj.verifySuccessMsg(registerUserdata.expectedsignupMsg);\n  cy.logger('application', 'Verified User SignUp-->SignUp Test');\n  const loadTime = Date.now() - startTime;\n  cy.logger('performance', `TotalTime taken to registerUser: ${loadTime}ms`);\n});",
              "err": {},
              "uuid": "83145cdf-57da-4e47-84e5-9454c94fc891",
              "parentUUID": "31adeb05-bef3-42cb-90b8-95ea662a6b26",
              "isHook": false,
              "skipped": false
            },
            {
              "title": "Verify User Exist message",
              "fullTitle": "Validate User is Register Verify User Exist message",
              "timedOut": null,
              "duration": 5690,
              "state": "passed",
              "speed": "medium",
              "pass": true,
              "fail": false,
              "pending": false,
              "context": null,
              "code": "cy.fixture('Testdata').then(registerUserdata => {\n  const SignUpobj = new _SignUp.default();\n  SignUpobj.clickSignUp();\n  SignUpobj.setUserName(registerUserdata.UserName);\n  SignUpobj.setPassword(registerUserdata.UserPassword);\n  SignUpobj.clickSubmit();\n  SignUpobj.verifyUserexist(registerUserdata.userExistMsg);\n  cy.logger('application', \"Verify User Exist message\");\n});",
              "err": {},
              "uuid": "7f0c3e05-3b4d-4a3c-9c42-82eaf8bf39ff",
              "parentUUID": "31adeb05-bef3-42cb-90b8-95ea662a6b26",
              "isHook": false,
              "skipped": false
            },
            {
              "title": "Verify Invalid Data message",
              "fullTitle": "Validate User is Register Verify Invalid Data message",
              "timedOut": null,
              "duration": 1464,
              "state": "passed",
              "speed": "fast",
              "pass": true,
              "fail": false,
              "pending": false,
              "context": null,
              "code": "cy.fixture('Testdata').then(registerUserdata => {\n  const SignUpobj = new _SignUp.default();\n  SignUpobj.clickSignUp();\n  SignUpobj.clickSubmit();\n  SignUpobj.verifyUserexist(registerUserdata.InvalidDataMsg);\n  cy.logger('application', \"Verify Invalid Data message\");\n});",
              "err": {},
              "uuid": "437b3853-9c3a-4496-91ae-67165fc36a4c",
              "parentUUID": "31adeb05-bef3-42cb-90b8-95ea662a6b26",
              "isHook": false,
              "skipped": false
            }
          ],
          "suites": [],
          "passes": [
            "83145cdf-57da-4e47-84e5-9454c94fc891",
            "7f0c3e05-3b4d-4a3c-9c42-82eaf8bf39ff",
            "437b3853-9c3a-4496-91ae-67165fc36a4c"
          ],
          "failures": [],
          "pending": [],
          "skipped": [],
          "duration": 9044,
          "root": false,
          "rootEmpty": false,
          "_timeout": 2000
        },
        {
          "uuid": "ba36e98a-65d6-4bb0-a8fa-03fb7e2f0c48",
          "title": "Validate Data Displayed on MonitorPage",
          "fullFile": "",
          "file": "",
          "beforeHooks": [],
          "afterHooks": [],
          "tests": [
            {
              "title": "Validate Price and Monitor Name is correct",
              "fullTitle": "Validate Data Displayed on MonitorPage Validate Price and Monitor Name is correct",
              "timedOut": null,
              "duration": 8211,
              "state": "passed",
              "speed": "medium",
              "pass": true,
              "fail": false,
              "pending": false,
              "context": null,
              "code": "cy.fixture('monitor').then(data => {\n  const loginobj = new _Login.default();\n  loginobj.clickLogin();\n  loginobj.setUserName(data.UserName);\n  loginobj.setPassword(data.UserPassword);\n  cy.logger('application', \"Entered User Details-->Login Test\");\n  loginobj.clickLoginbtn();\n  loginobj.verifyLoginSuccessMsg(data.loginmsg);\n  cy.logger('application', \"Validated success Login Msg-->Login Test\");\n  const monitorobj = new _Monitor.default();\n  monitorobj.isMonitorDisplayed();\n  monitorobj.ValidateMonitor1(data.monitor1);\n  monitorobj.Validatemonitor1Price(data.m1Price);\n  monitorobj.ValidateMonitor2(data.monitor2);\n  monitorobj.Validatemonitor2Price(data.m2Price);\n  const loadTime = Date.now() - startTime;\n  cy.logger('performance', `TotalTime taken to ValidateMonitor's: ${loadTime}ms`);\n});",
              "err": {},
              "uuid": "2d1e0ebf-810c-490c-a4e2-54bdf2667531",
              "parentUUID": "ba36e98a-65d6-4bb0-a8fa-03fb7e2f0c48",
              "isHook": false,
              "skipped": false
            }
          ],
          "suites": [],
          "passes": [
            "2d1e0ebf-810c-490c-a4e2-54bdf2667531"
          ],
          "failures": [],
          "pending": [],
          "skipped": [],
          "duration": 8211,
          "root": false,
          "rootEmpty": false,
          "_timeout": 2000
        },
        {
          "uuid": "d98dac71-3a2f-4d29-87ed-6ff345ed91d1",
          "title": "Validate User is able to make Purchase",
          "fullFile": "",
          "file": "",
          "beforeHooks": [],
          "afterHooks": [],
          "tests": [
            {
              "title": "Validate Add Product",
              "fullTitle": "Validate User is able to make Purchase Validate Add Product",
              "timedOut": null,
              "duration": 28130,
              "state": "passed",
              "speed": "slow",
              "pass": true,
              "fail": false,
              "pending": false,
              "context": "{\n  \"title\": \"cypress-mochawesome-reporter-screenshots\",\n  \"value\": [\n    [\n      \"\\\\uiTest.cy.js\\\\Validate User is able to make Purchase -- Validate Add Product.png\",\n      \"\\\\uiTest.cy.js\\\\Validate User is able to make Purchase -- Validate Add Product (1).png\",\n      \"\\\\uiTest.cy.js\\\\OrderPurchased.png\"\n    ]\n  ]\n}",
              "code": "cy.viewport(1920, 1080);\ncy.fixture('product').then(data => {\n  const loginobj = new _Login.default();\n  loginobj.clickLogin();\n  loginobj.setUserName(data.UserName);\n  loginobj.setPassword(data.UserPassword);\n  cy.logger('application', \"Entered User Details-->Login Test\");\n  loginobj.clickLoginbtn();\n  loginobj.verifyLoginSuccessMsg(data.loginmsg);\n  cy.logger('application', \"Validated success Login Msg-->Login Test\");\n  const prdobj = new _AddProduct.default();\n  prdobj.addProduct();\n  prdobj.enterName(data.name);\n  prdobj.entercountry(data.Country);\n  prdobj.entercity(data.City);\n  prdobj.entercard(data.Creditcard);\n  prdobj.entermonth(data.Month);\n  prdobj.enteryear(data.Year);\n  prdobj.clickPurchase();\n  prdobj.validateOrder();\n  const loadTime = Date.now() - startTime;\n  cy.logger('performance', `TotalTime taken to Purchase Product: ${loadTime}ms`);\n});",
              "err": {},
              "uuid": "3209011e-4bd8-4b0b-9c9f-9d70560a7b27",
              "parentUUID": "d98dac71-3a2f-4d29-87ed-6ff345ed91d1",
              "isHook": false,
              "skipped": false
            }
          ],
          "suites": [],
          "passes": [
            "3209011e-4bd8-4b0b-9c9f-9d70560a7b27"
          ],
          "failures": [],
          "pending": [],
          "skipped": [],
          "duration": 28130,
          "root": false,
          "rootEmpty": false,
          "_timeout": 2000
        }
      ],
      "passes": [],
      "failures": [],
      "pending": [],
      "skipped": [],
      "duration": 0,
      "root": true,
      "rootEmpty": true,
      "_timeout": 2000
    }
  ],
  "meta": {
    "mocha": {
      "version": "7.0.1"
    },
    "mochawesome": {
      "options": {
        "quiet": false,
        "reportFilename": "mochawesome",
        "saveHtml": true,
        "saveJson": true,
        "consoleReporter": "spec",
        "useInlineDiffs": false,
        "code": true
      },
      "version": "7.1.3"
    },
    "marge": {
      "options": {
        "reportDir": "cypress/reports/UIReport",
        "overwrite": false
      },
      "version": "6.2.0"
    }
  }
}